<?xml version="1.0" ?>
<coverage version="7.7.1" timestamp="1743129870306" lines-valid="2" lines-covered="1" line-rate="0.5" branches-valid="0" branches-covered="0" branch-rate="1" complexity="0">
	<!-- Generated by coverage.py: https://coverage.readthedocs.io/en/7.7.1 -->
	<!-- Based on https://raw.githubusercontent.com/cobertura/web/master/htdocs/xml/coverage-04.dtd -->
	<sources>
		<source>/home/remixonwin/Documents/mytool/src</source>
	</sources>
	<packages>
		<package name="pybop" line-rate="0.5" branch-rate="1" complexity="0">
			<classes>
				<class name="main.py" filename="pybop/main.py" complexity="0" line-rate="0.5" branch-rate="1">
					<methods/>
					<lines>
						<line number="4" hits="1"/>
						<line number="6" hits="0"/>
					</lines>
				</class>
			</classes>
		</package>
	</packages>
</coverage>
